This is pdfTeX, Version 3.14159265-2.6-1.40.15 (TeX Live 2014/Arch Linux) (preloaded format=pdfetex 2014.12.17)  17 DEC 2014 22:47
entering extended mode
 restricted \write18 enabled.
 file:line:error style messages enabled.
 %&-line parsing enabled.
**\catcode126=12 \def\normaltilde{~}\catcode126=13 \let~\normaltilde  \input ./
ess.texi
(./ess.texi (/usr/share/texmf-dist/tex/texinfo/texinfo.tex
Loading texinfo [version 2014-05-20.16]:
\bindingoffset=\dimen16
\normaloffset=\dimen17
\pagewidth=\dimen18
\pageheight=\dimen19
\outerhsize=\dimen20
\outervsize=\dimen21
\cornerlong=\dimen22
\cornerthick=\dimen23
\topandbottommargin=\dimen24
\headlinebox=\box16
\footlinebox=\box17
\margin=\insert252
\EMsimple=\toks13
\groupbox=\box18
\groupinvalidhelp=\toks14
\mil=\dimen25
\exdentamount=\skip18
\inmarginspacing=\skip19
\centerpenalty=\count27
 pdf,
\tempnum=\count28
\lnkcount=\count29
\filename=\toks15
\filenamelength=\count30
\pgn=\count31
\toksA=\toks16
\toksB=\toks17
\toksC=\toks18
\toksD=\toks19
\boxA=\box19
\countA=\count32
\nopdfimagehelp=\toks20
 fonts,
\sffam=\fam8
\textleading=\dimen26
 markup,
\fontdepth=\count33
 glyphs,
\errorbox=\box20

page headings,
\titlepagetopglue=\skip20
\titlepagebottomglue=\skip21
\evenheadline=\toks21
\oddheadline=\toks22
\evenfootline=\toks23
\oddfootline=\toks24
 tables,
\tableindent=\dimen27
\itemindent=\dimen28
\itemmargin=\dimen29
\itemmax=\dimen30
\itemno=\count34
\multitableparskip=\skip22
\multitableparindent=\skip23
\multitablecolspace=\dimen31
\multitablelinespace=\skip24
\colcount=\count35
\everytab=\toks25
 conditionals,
\doignorecount=\count36
 indexing,
\whatsitskip=\skip25
\whatsitpenalty=\count37
\secondaryindent=\skip26
\partialpage=\box21
\doublecolumnhsize=\dimen32
 sectioning,
\unnumberedno=\count38
\chapno=\count39
\secno=\count40
\subsecno=\count41
\subsubsecno=\count42
\appendixno=\count43
\absseclevel=\count44
\secbase=\count45
\chapheadingskip=\skip27
\secheadingskip=\skip28
\subsecheadingskip=\skip29
 toc,
\tocfile=\write0
\contentsrightmargin=\skip30
\savepageno=\count46
\lastnegativepageno=\count47
\tocindent=\dimen33
 environments,
\lispnarrowing=\skip31
\envskipamount=\skip32
\circthick=\dimen34
\cartouter=\dimen35
\cartinner=\dimen36
\normbskip=\skip33
\normpskip=\skip34
\normlskip=\skip35
\lskip=\skip36
\rskip=\skip37
\nonfillparindent=\dimen37
\tabw=\dimen38
\verbbox=\box22

defuns,
\defbodyindent=\skip38
\defargsindent=\skip39
\deflastargmargin=\skip40
\defunpenalty=\count48
\parencount=\count49
\brackcount=\count50
 macros,
\paramno=\count51
\macname=\toks26
 cross references,
\auxfile=\write1
\savesfregister=\count52
\toprefbox=\box23
\printedrefnamebox=\box24
\infofilenamebox=\box25
\printedmanualbox=\box26
 insertions,
\footnoteno=\count53
\SAVEfootins=\box27
\SAVEmargin=\box28

(/usr/share/texmf-dist/tex/generic/epsf/epsf.tex
This is `epsf.tex' v2.7.4 <14 February 2011>
\epsffilein=\read1
\epsfframemargin=\dimen39
\epsfframethickness=\dimen40
\epsfrsize=\dimen41
\epsftmp=\dimen42
\epsftsize=\dimen43
\epsfxsize=\dimen44
\epsfysize=\dimen45
\pspoints=\dimen46
)
\noepsfhelp=\toks27
 localization,
\nolanghelp=\toks28
\countUTFx=\count54
\countUTFy=\count55
\countUTFz=\count56
 formatting,
\defaultparindent=\dimen47
 and turning on texinfo input format.) (./ess.aux)
\openout1 = `ess.aux'.

@cpindfile=@write2
@fnindfile=@write3
@vrindfile=@write4
@tpindfile=@write5
@kyindfile=@write6
@pgindfile=@write7
texinfo.tex: doing @include of ess-defs.texi


(./ess-defs.texi)
texinfo.tex: doing @include of ../VERSION

 (../VERSION) [1
\openout2 = `ess.cp'.

\openout3 = `ess.fn'.

\openout4 = `ess.vr'.

\openout5 = `ess.tp'.

\openout6 = `ess.ky'.

\openout7 = `ess.pg'.

{/var/lib/texmf/fonts/map/pdftex/updmap/pdftex.map}] (./ess.toc [-1] [-2]) [-3]
 (./ess.toc) (./ess.toc) Chapter 1
\openout0 = `ess.toc'.

texinfo.tex: doing @include of currfeat.texi


(./currfeat.texi [1]) [2]
texinfo.tex: doing @include of newfeat.texi

 (./newfeat.texi [3]
Underfull \hbox (badness 10000) in paragraph at lines 36--40
 []@reducedrm ESS[SAS][]@textrm : Three fea-tures/fixes with spe-cial thanks to
 Matthew Fi-dler

@hbox(8.2125+2.73749)x433.62, glue set 4.74745
.@glue(@leftskip) 21.68121
.@hbox(4.86667+0.0)x0.0, glue set - 12.70244fil
..@glue 0.0 plus 1.0fil minus 1.0fil
..@mathon
..@textsy ^^O
..@mathoff
..@kern 7.22743
.@reducedrm E
.@reducedrm S
.@reducedrm S
.etc.


Underfull \hbox (badness 10000) in paragraph at lines 36--40
 [][]@textrm https://github.com/emacs-ess/ESS/pulls/mlf176f2 (@texttt https: / 
/ github . com /

@hbox(8.2125+2.73749)x433.62, glue set 4.83934
.@glue(@leftskip) 21.68121
.@pdfliteral{0 0 0 rg 0 0 0 RG}
.@pdfstartlink(*+*)x* attr{/Border [0 0 0]} action user{/Subtype /Link /A << /S
 /URI /URI (https://github.com/emacs-ess/ESS/p@ETC.}
.@textrm h
.@kern-0.30418
.etc.

[4]
Underfull \hbox (badness 6910) in paragraph at lines 69--75
 []@textrm integration with @texttt devtools[] @textrm pack-age. New com-mand @
texttt ess-developer-

@hbox(7.60416+2.43333)x433.62, glue set 4.10715
.@glue(@leftskip) 43.36243
.@hbox(6.3875+0.9125)x0.0, glue set - 15.74413fil
..@glue 0.0 plus 1.0fil minus 1.0fil
..@mathon
..@textsy ^^@
..@mathoff
..@kern 7.22743
.@textrm i
.@textrm n
.@kern-0.30418
.etc.


Underfull \hbox (badness 7081) in paragraph at lines 69--75
 @texttt load-package[] @textrm calls @texttt load_all[] @textrm on the pack-ag
e con-tain-ing cur-rent file.

@hbox(7.60416+2.43333)x433.62, glue set 4.13838
.@glue(@leftskip) 43.36243
.@texttt l
.@texttt o
.@texttt a
.@texttt d
.etc.

[5]
Underfull \hbox (badness 10000) in paragraph at lines 140--144
 []@reducedrm ESS[tracebug][]@textrm : @texttt ess-debug-flag-for-debugging[] @
textrm and @texttt ess-debug-unflag-for-

@hbox(7.60416+2.5)x433.62, glue set 4.94865
.@glue(@leftskip) 21.68121
.@hbox(4.86667+0.0)x0.0, glue set - 12.70244fil
..@glue 0.0 plus 1.0fil minus 1.0fil
..@mathon
..@textsy ^^O
..@mathoff
..@kern 7.22743
.@reducedrm E
.@reducedrm S
.@reducedrm S
.etc.

[6] [7] [8] [9]
Underfull \hbox (badness 10000) in paragraph at lines 381--383
 [][]@textrm : Prompts in in-fe-rior buffers are now high-lighted uni-formly wi
th

@hbox(7.60416+2.12917)x433.62, glue set 4.5319
.@glue(@leftskip) 21.68121
.@hbox(4.86667+0.0)x0.0, glue set - 12.70244fil
..@glue 0.0 plus 1.0fil minus 1.0fil
..@mathon
..@textsy ^^O
..@mathoff
..@kern 7.22743
.@hbox(7.31305+0.0)x20.95839
..@textrm i
..@reducedrm E
..@reducedrm S
..@reducedrm S
..@hbox(0.0+0.0)x0.0
.@textrm :
.@glue 4.86665 plus 3.65 minus 0.60832
.etc.

[10] [11]
Overfull \hbox (81.25798pt too wide) in paragraph at lines 532--539
 []@reducedrm ESS[R][]@textrm : Out of the box in-te-gra-tion with @texttt Auto
 Completion[] @textrm mode [][]http://cx4a.org/software/auto-complete|

@hbox(8.2125+2.73749)x433.62, glue set - 1.0
.@glue(@leftskip) 21.68121
.@hbox(4.86667+0.0)x0.0, glue set - 12.70244fil
..@glue 0.0 plus 1.0fil minus 1.0fil
..@mathon
..@textsy ^^O
..@mathoff
..@kern 7.22743
.@reducedrm E
.@reducedrm S
.@reducedrm S
.etc.

[12] [13] [14])
texinfo.tex: doing @include of credits.texi

 (./credits.texi [15]
texinfo.tex: doing @include of authors.texi

 (./authors.texi))
texinfo.tex: doing @include of getting.texi

 (./getting.texi
texinfo.tex: doing @include of inst_svn.texi


(./inst_svn.texi)) [16] Chapter 2 [17]
texinfo.tex: doing @include of installation.texi

 (./installation.texi)
texinfo.tex: doing @include of license.texi

 (./license.texi)
[18]
texinfo.tex: doing @include of stabilty.texi

 (./stabilty.texi)
texinfo.tex: doing @include of requires.texi

 (./requires.texi) Chapter 3 [19]
Underfull \hbox (badness 10000) in paragraph at lines 462--466
[]@textrm You can switch to any ac-tive ESS pro-cess with the com-mand `@texttt
 M-x

@hbox(7.60416+2.12917)x433.62, glue set 5.0366
.@hbox(0.0+0.0)x15.0
.@textrm Y
.@kern-0.91252
.@textrm o
.@textrm u
.etc.

[20] [21] [22] Chapter 4 [23] [24] [25] [26]
Overfull \hbox (106.92076pt too wide) in paragraph at lines 1051--1051
 []      @texttt ;; somewhat extreme, almost disabling writing in *R*, *shell* 
buffers above prompt:[] |

@hbox(6.69167+2.43333)x433.62
.@glue(@leftskip) 28.90755
.@hbox(0.0+0.0)x0.0
.@penalty 10000
.@glue 5.74869
.@penalty 10000
.etc.

[27] [28]
Underfull \hbox (badness 7832) in paragraph at lines 1222--1225
 []@textttsl C-c C-s[] @textrm Sends the @texttt inferior-ess-search-list-comma
nd[] @textrm com-mand to the

@hbox(7.60416+0.0)x433.62, glue set 4.28247
.@glue(@leftskip) 28.90755
.@hbox(0.0+0.0)x0.0
.@textttsl C
.@textttsl -
.@discretionary
.etc.

[29] [30] Chapter 5 [31] [32] Chapter 6 [33] Chapter 7 [34] [35] [36] [37]
[38] [39] Chapter 8 [40] [41] [42] Chapter 9 [43] [44] [45] Chapter 10 [46]
Overfull \hbox (37.7724pt too wide) in paragraph at lines 2596--2596
[][] |

@hbox(7.60416+0.91246)x433.62
.@hbox(0.0+0.0)x0.0
.@hbox(7.60416+0.91246)x471.3924
..@penalty 10000
..@glue 5.74869
..@texttt `
..@penalty 10000
..@glue 5.74869
..etc.
.@penalty 10000
.@glue(@parfillskip) 0.0 plus 1.0fil
.@glue(@rightskip) 0.0
.etc.


Overfull \hbox (43.52109pt too wide) in paragraph at lines 2596--2596
[][] |

@hbox(7.60416+0.91246)x433.62
.@hbox(0.0+0.0)x0.0
.@hbox(7.60416+0.91246)x477.14108
..@penalty 10000
..@glue 5.74869
..@texttt ~
..@penalty 10000
..@glue 5.74869
..etc.
.@penalty 10000
.@glue(@parfillskip) 0.0 plus 1.0fil
.@glue(@rightskip) 0.0
.etc.


Overfull \hbox (14.77765pt too wide) in paragraph at lines 2596--2596
[][] |

@hbox(6.69167+2.43333)x433.62
.@hbox(0.0+0.0)x0.0
.@hbox(6.69167+2.43333)x448.39764
..@penalty 10000
..@glue 5.74869
..@texttt u
..@penalty 10000
..@glue 5.74869
..etc.
.@penalty 10000
.@glue(@parfillskip) 0.0 plus 1.0fil
.@glue(@rightskip) 0.0
.etc.

[47] [48] [49] [50] [51]
Missing character: There is no â in font cmtt10!
Missing character: There is no € in font cmtt10!
Missing character: There is no ˜ in font cmtt10!
Missing character: There is no â in font cmtt10!
Missing character: There is no € in font cmtt10!
Missing character: There is no ™ in font cmtt10!

Underfull \hbox (badness 10000) in paragraph at lines 2967--2975
 @texttt Class "boo" is defined (with package slot foo) but no metadata object

@hbox(7.60416+2.43333)x433.62
.@glue(@leftskip) 43.36243
.@texttt C
.@texttt l
.@texttt a
.@texttt s
.etc.

[52]
Overfull \hbox (20.55106pt too wide) in paragraph at lines 2994--2995
 []@textrm registerS3method(@texttt "@textrm method[]name@texttt "@textrm , @te
xttt "@textrm my[]class@texttt "@textrm , my[]package:::method[]name.my[]class)
 |

@hbox(8.2125+2.73749)x433.62, glue set - 1.0
.@glue(@leftskip) 43.36243
.@hbox(0.0+0.0)x0.0
.@textrm r
.@textrm e
.@textrm g
.etc.

Chapter 11 [53] [54] [55] [56] [57] [58] Chapter 12 [59]
texinfo.tex: doing @include of help-s.texi

 (./help-s.texi
[60] [61] [62] [63] [64]) Chapter 13 [65]
texinfo.tex: doing @include of help-sas.texi

 (./help-sas.texi [66] [67] [68]
[69] [70] [71] [72] [73]) Chapter 14 [74]
texinfo.tex: doing @include of help-bugs.texi

 (./help-bugs.texi) Chapter 15
[75]
texinfo.tex: doing @include of help-jags.texi

 (./help-jags.texi [76]) Chapter 16 [77]
texinfo.tex: doing @include of bugs.texi

 (./bugs.texi)
texinfo.tex: doing @include of bugrept.texi

 (./bugrept.texi)
texinfo.tex: doing @include of mailing.texi


(./mailing.texi [78]) Appendix A [79] (Indices) [80] (./ess.kys) (./ess.fns
[81] [82]) (./ess.vrs) (./ess.cps [83] [84]) [85] ) 
Here is how much of TeX's memory you used:
 2674 strings out of 494670
 34943 string characters out of 6155346
 140504 words of memory out of 5000000
 3924 multiletter control sequences out of 15000+600000
 32127 words of font info for 112 fonts, out of 8000000 for 9000
 1457 hyphenation exceptions out of 8191
 18i,6n,16p,355b,894s stack positions out of 5000i,500n,10000p,200000b,80000s
</usr/share/texmf-dist/fonts
/type1/public/amsfonts/cm/cmb10.pfb></usr/share/texmf-dist/fonts/type1/public/a
msfonts/cm/cmbx12.pfb></usr/share/texmf-dist/fonts/type1/public/amsfonts/cm/cmc
sc10.pfb></usr/share/texmf-dist/fonts/type1/public/amsfonts/cm/cmmi10.pfb></usr
/share/texmf-dist/fonts/type1/public/amsfonts/cm/cmmi12.pfb></usr/share/texmf-d
ist/fonts/type1/public/amsfonts/cm/cmmi9.pfb></usr/share/texmf-dist/fonts/type1
/public/amsfonts/cm/cmr10.pfb></usr/share/texmf-dist/fonts/type1/public/amsfont
s/cm/cmr9.pfb></usr/share/texmf-dist/fonts/type1/public/amsfonts/cm/cmsl10.pfb>
</usr/share/texmf-dist/fonts/type1/public/amsfonts/cm/cmsltt10.pfb></usr/share/
texmf-dist/fonts/type1/public/amsfonts/cm/cmsy10.pfb></usr/share/texmf-dist/fon
ts/type1/public/amsfonts/cm/cmti10.pfb></usr/share/texmf-dist/fonts/type1/publi
c/amsfonts/cm/cmtt10.pfb></usr/share/texmf-dist/fonts/type1/public/amsfonts/cm/
cmtt12.pfb></usr/share/texmf-dist/fonts/type1/public/amsfonts/cm/cmtt9.pfb>
Output written on ess.pdf (89 pages, 485174 bytes).
PDF statistics:
 1518 PDF objects out of 1728 (max. 8388607)
 1395 compressed objects within 14 object streams
 198 named destinations out of 1000 (max. 500000)
 909 words of extra memory for PDF output out of 10000 (max. 10000000)

